<?xml version="1.0" encoding="UTF-8"?>
<!-- Generated by org.testng.reporters.JUnitReportReporter -->
<testsuite hostname="pawel-Komputer" name="org.springframework.security.crypto.bcrypt.PassTest" tests="1" failures="0" timestamp="19 May 2014 16:50:49 GMT" time="0.030" errors="0">
  <testcase name="create" time="0.030" classname="org.springframework.security.crypto.bcrypt.PassTest"/>
</testsuite> <!-- org.springframework.security.crypto.bcrypt.PassTest -->
