<?xml version="1.0" encoding="UTF-8"?>
<!-- Generated by org.testng.reporters.JUnitReportReporter -->
<testsuite hostname="pawel-Komputer" name="org.tpsi.plane.test.PassTest" tests="1" failures="0" timestamp="17 May 2014 17:44:03 GMT" time="0.233" errors="0">
  <testcase name="create" time="0.233" classname="org.tpsi.plane.test.PassTest"/>
</testsuite> <!-- org.tpsi.plane.test.PassTest -->
