<?xml version="1.0" encoding="UTF-8"?>
<!-- Generated by org.testng.reporters.JUnitReportReporter -->
<testsuite hostname="pawel-Komputer" name="org.tpsi.plane.test.UserTest" tests="1" failures="0" timestamp="10 May 2014 15:39:34 GMT" time="0.287" errors="0">
  <testcase name="create" time="0.287" classname="org.tpsi.plane.test.UserTest"/>
</testsuite> <!-- org.tpsi.plane.test.UserTest -->
